<?xml version="1.0" encoding="UTF-8" ?>
<testsuite errors="0" failures="2" hostname="lenovo-PC" name="grs.UserAuthSpec" tests="2" time="3.108" timestamp="2014-02-15T22:48:32">
  <properties />
  <testcase classname="grs.UserAuthSpec" name="authenticate user" time="2.19">
    <failure message="Condition not satisfied:&#xa;&#xa;UserAuth.findByUserNameAndPassword(userName,password) != null&#xa;         |                         |        |         |&#xa;         null                      admin    root123   false&#xa;" type="junit.framework.AssertionFailedError">junit.framework.AssertionFailedError: Condition not satisfied:

UserAuth.findByUserNameAndPassword(userName,password) != null
         |                         |        |         |
         null                      admin    root123   false

	at grs.UserAuthSpec.authenticate user(UserAuthSpec.groovy:27)
</failure>
  </testcase>
  <testcase classname="grs.UserAuthSpec" name="username constraints" time="0.506">
    <failure message="Condition not satisfied:&#xa;&#xa;user.hasErrors() == !valid&#xa;|    |           |  ||&#xa;|    true        |  |true&#xa;|                |  false&#xa;|                false&#xa;grs.UserAuth : (unsaved)&#xa;" type="junit.framework.AssertionFailedError">junit.framework.AssertionFailedError: Condition not satisfied:

user.hasErrors() == !valid
|    |           |  ||
|    true        |  |true
|                |  false
|                false
grs.UserAuth : (unsaved)

	at grs.UserAuthSpec.username constraints(UserAuthSpec.groovy:46)
</failure>
  </testcase>
  <system-out><![CDATA[--Output from authenticate user--
--Output from username constraints--
]]></system-out>
  <system-err><![CDATA[--Output from authenticate user--
--Output from username constraints--
]]></system-err>
</testsuite>
